<?xml version="1.0" encoding="UTF-8"?>
<testsuite xmlns:xsi="http://www.w3.org/2001/XMLSchema-instance" xsi:noNamespaceSchemaLocation="https://maven.apache.org/surefire/maven-surefire-plugin/xsd/surefire-test-report.xsd" name="com.example.crudwithvaadin.MainViewTests" time="1.267" tests="5" errors="0" skipped="0" failures="0">
  <properties>
    <property name="sun.desktop" value="windows"/>
    <property name="awt.toolkit" value="sun.awt.windows.WToolkit"/>
    <property name="java.specification.version" value="11"/>
    <property name="sun.cpu.isalist" value="amd64"/>
    <property name="sun.jnu.encoding" value="Cp1252"/>
    <property name="java.class.path" value="D:\MSC\IIT\CMM707 -Sri Lanka Cloud Computing\cloud-cw-coinbase\target\test-classes;D:\MSC\IIT\CMM707 -Sri Lanka Cloud Computing\cloud-cw-coinbase\target\classes;C:\Users\Administrator\.m2\repository\org\springframework\boot\spring-boot-starter-data-jpa\2.5.2\spring-boot-starter-data-jpa-2.5.2.jar;C:\Users\Administrator\.m2\repository\org\springframework\boot\spring-boot-starter-aop\2.5.2\spring-boot-starter-aop-2.5.2.jar;C:\Users\Administrator\.m2\repository\org\springframework\spring-aop\5.3.8\spring-aop-5.3.8.jar;C:\Users\Administrator\.m2\repository\org\aspectj\aspectjweaver\1.9.6\aspectjweaver-1.9.6.jar;C:\Users\Administrator\.m2\repository\org\springframework\boot\spring-boot-starter-jdbc\2.5.2\spring-boot-starter-jdbc-2.5.2.jar;C:\Users\Administrator\.m2\repository\com\zaxxer\HikariCP\4.0.3\HikariCP-4.0.3.jar;C:\Users\Administrator\.m2\repository\org\springframework\spring-jdbc\5.3.8\spring-jdbc-5.3.8.jar;C:\Users\Administrator\.m2\repository\jakarta\transaction\jakarta.transaction-api\1.3.3\jakarta.transaction-api-1.3.3.jar;C:\Users\Administrator\.m2\repository\jakarta\persistence\jakarta.persistence-api\2.2.3\jakarta.persistence-api-2.2.3.jar;C:\Users\Administrator\.m2\repository\org\hibernate\hibernate-core\5.4.32.Final\hibernate-core-5.4.32.Final.jar;C:\Users\Administrator\.m2\repository\org\jboss\logging\jboss-logging\3.4.2.Final\jboss-logging-3.4.2.Final.jar;C:\Users\Administrator\.m2\repository\org\javassist\javassist\3.27.0-GA\javassist-3.27.0-GA.jar;C:\Users\Administrator\.m2\repository\net\bytebuddy\byte-buddy\1.10.22\byte-buddy-1.10.22.jar;C:\Users\Administrator\.m2\repository\antlr\antlr\2.7.7\antlr-2.7.7.jar;C:\Users\Administrator\.m2\repository\org\jboss\jandex\2.2.3.Final\jandex-2.2.3.Final.jar;C:\Users\Administrator\.m2\repository\com\fasterxml\classmate\1.5.1\classmate-1.5.1.jar;C:\Users\Administrator\.m2\repository\org\dom4j\dom4j\2.1.3\dom4j-2.1.3.jar;C:\Users\Administrator\.m2\repository\org\hibernate\common\hibernate-commons-annotations\5.1.2.Final\hibernate-commons-annotations-5.1.2.Final.jar;C:\Users\Administrator\.m2\repository\org\glassfish\jaxb\jaxb-runtime\2.3.4\jaxb-runtime-2.3.4.jar;C:\Users\Administrator\.m2\repository\org\glassfish\jaxb\txw2\2.3.4\txw2-2.3.4.jar;C:\Users\Administrator\.m2\repository\com\sun\istack\istack-commons-runtime\3.0.12\istack-commons-runtime-3.0.12.jar;C:\Users\Administrator\.m2\repository\com\sun\activation\jakarta.activation\1.2.2\jakarta.activation-1.2.2.jar;C:\Users\Administrator\.m2\repository\org\springframework\data\spring-data-jpa\2.5.2\spring-data-jpa-2.5.2.jar;C:\Users\Administrator\.m2\repository\org\springframework\data\spring-data-commons\2.5.2\spring-data-commons-2.5.2.jar;C:\Users\Administrator\.m2\repository\org\springframework\spring-orm\5.3.8\spring-orm-5.3.8.jar;C:\Users\Administrator\.m2\repository\org\springframework\spring-context\5.3.8\spring-context-5.3.8.jar;C:\Users\Administrator\.m2\repository\org\springframework\spring-expression\5.3.8\spring-expression-5.3.8.jar;C:\Users\Administrator\.m2\repository\org\springframework\spring-tx\5.3.8\spring-tx-5.3.8.jar;C:\Users\Administrator\.m2\repository\org\springframework\spring-beans\5.3.8\spring-beans-5.3.8.jar;C:\Users\Administrator\.m2\repository\org\slf4j\slf4j-api\1.7.31\slf4j-api-1.7.31.jar;C:\Users\Administrator\.m2\repository\org\springframework\spring-aspects\5.3.8\spring-aspects-5.3.8.jar;C:\Users\Administrator\.m2\repository\com\h2database\h2\1.4.200\h2-1.4.200.jar;C:\Users\Administrator\.m2\repository\com\vaadin\vaadin-spring-boot-starter\14.8.0\vaadin-spring-boot-starter-14.8.0.jar;C:\Users\Administrator\.m2\repository\com\vaadin\vaadin-spring\12.4.2\vaadin-spring-12.4.2.jar;C:\Users\Administrator\.m2\repository\com\vaadin\flow-server\2.7.6\flow-server-2.7.6.jar;C:\Users\Administrator\.m2\repository\com\vaadin\external\gwt\gwt-elemental\2.8.2.vaadin2\gwt-elemental-2.8.2.vaadin2.jar;C:\Users\Administrator\.m2\repository\commons-fileupload\commons-fileupload\1.3.3\commons-fileupload-1.3.3.jar;C:\Users\Administrator\.m2\repository\commons-io\commons-io\2.11.0\commons-io-2.11.0.jar;C:\Users\Administrator\.m2\repository\org\jsoup\jsoup\1.14.3\jsoup-1.14.3.jar;C:\Users\Administrator\.m2\repository\com\helger\ph-css\6.1.1\ph-css-6.1.1.jar;C:\Users\Administrator\.m2\repository\com\helger\ph-commons\9.1.2\ph-commons-9.1.2.jar;C:\Users\Administrator\.m2\repository\com\vaadin\external\gentyref\1.2.0.vaadin1\gentyref-1.2.0.vaadin1.jar;C:\Users\Administrator\.m2\repository\org\apache\commons\commons-compress\1.21\commons-compress-1.21.jar;C:\Users\Administrator\.m2\repository\org\apache\httpcomponents\httpclient\4.5.13\httpclient-4.5.13.jar;C:\Users\Administrator\.m2\repository\org\apache\httpcomponents\httpcore\4.4.14\httpcore-4.4.14.jar;C:\Users\Administrator\.m2\repository\commons-codec\commons-codec\1.15\commons-codec-1.15.jar;C:\Users\Administrator\.m2\repository\com\vaadin\flow-push\2.7.6\flow-push-2.7.6.jar;C:\Users\Administrator\.m2\repository\com\vaadin\external\atmosphere\atmosphere-runtime\2.4.30.slf4jvaadin1\atmosphere-runtime-2.4.30.slf4jvaadin1.jar;C:\Users\Administrator\.m2\repository\com\vaadin\flow-client\2.7.6\flow-client-2.7.6.jar;C:\Users\Administrator\.m2\repository\org\springframework\spring-webmvc\5.3.8\spring-webmvc-5.3.8.jar;C:\Users\Administrator\.m2\repository\org\springframework\spring-websocket\5.3.8\spring-websocket-5.3.8.jar;C:\Users\Administrator\.m2\repository\com\vaadin\vaadin-core\14.8.0\vaadin-core-14.8.0.jar;C:\Users\Administrator\.m2\repository\com\vaadin\flow-lit-template\2.7.6\flow-lit-template-2.7.6.jar;C:\Users\Administrator\.m2\repository\com\vaadin\flow-html-components\2.7.6\flow-html-components-2.7.6.jar;C:\Users\Administrator\.m2\repository\com\vaadin\flow-data\2.7.6\flow-data-2.7.6.jar;C:\Users\Administrator\.m2\repository\javax\validation\validation-api\2.0.1.Final\validation-api-2.0.1.Final.jar;C:\Users\Administrator\.m2\repository\com\vaadin\flow-dnd\2.7.6\flow-dnd-2.7.6.jar;C:\Users\Administrator\.m2\repository\org\webjars\npm\vaadin__vaadin-mobile-drag-drop\1.0.0\vaadin__vaadin-mobile-drag-drop-1.0.0.jar;C:\Users\Administrator\.m2\repository\org\webjars\npm\mobile-drag-drop\2.3.0-rc.1\mobile-drag-drop-2.3.0-rc.1.jar;C:\Users\Administrator\.m2\repository\com\vaadin\vaadin-lumo-theme\2.7.6\vaadin-lumo-theme-2.7.6.jar;C:\Users\Administrator\.m2\repository\org\webjars\bowergithub\vaadin\vaadin-lumo-styles\1.6.1\vaadin-lumo-styles-1.6.1.jar;C:\Users\Administrator\.m2\repository\org\webjars\bowergithub\polymerelements\iron-icon\2.1.0\iron-icon-2.1.0.jar;C:\Users\Administrator\.m2\repository\org\webjars\bowergithub\polymerelements\iron-meta\2.1.1\iron-meta-2.1.1.jar;C:\Users\Administrator\.m2\repository\org\webjars\bowergithub\polymerelements\iron-iconset-svg\2.2.1\iron-iconset-svg-2.2.1.jar;C:\Users\Administrator\.m2\repository\org\webjars\bowergithub\polymerelements\iron-flex-layout\2.0.3\iron-flex-layout-2.0.3.jar;C:\Users\Administrator\.m2\repository\org\webjars\bowergithub\polymer\polymer\2.7.0\polymer-2.7.0.jar;C:\Users\Administrator\.m2\repository\org\webjars\bowergithub\webcomponents\shadycss\1.8.0\shadycss-1.8.0.jar;C:\Users\Administrator\.m2\repository\com\vaadin\vaadin-material-theme\2.7.6\vaadin-material-theme-2.7.6.jar;C:\Users\Administrator\.m2\repository\org\webjars\bowergithub\vaadin\vaadin-material-styles\1.3.2\vaadin-material-styles-1.3.2.jar;C:\Users\Administrator\.m2\repository\com\vaadin\vaadin-accordion-flow\14.8.0\vaadin-accordion-flow-14.8.0.jar;C:\Users\Administrator\.m2\repository\org\webjars\bowergithub\vaadin\vaadin-accordion\1.2.0\vaadin-accordion-1.2.0.jar;C:\Users\Administrator\.m2\repository\org\webjars\bowergithub\vaadin\vaadin-themable-mixin\1.6.2\vaadin-themable-mixin-1.6.2.jar;C:\Users\Administrator\.m2\repository\org\webjars\bowergithub\webcomponents\webcomponentsjs\1.2.6\webcomponentsjs-1.2.6.jar;C:\Users\Administrator\.m2\repository\org\webjars\bowergithub\vaadin\vaadin-element-mixin\2.4.2\vaadin-element-mixin-2.4.2.jar;C:\Users\Administrator\.m2\repository\org\webjars\bowergithub\vaadin\vaadin-usage-statistics\2.1.0\vaadin-usage-statistics-2.1.0.jar;C:\Users\Administrator\.m2\repository\org\webjars\bowergithub\vaadin\vaadin-development-mode-detector\2.0.4\vaadin-development-mode-detector-2.0.4.jar;C:\Users\Administrator\.m2\repository\com\vaadin\vaadin-avatar-flow\14.8.0\vaadin-avatar-flow-14.8.0.jar;C:\Users\Administrator\.m2\repository\org\webjars\bowergithub\vaadin\vaadin-avatar\1.0.4\vaadin-avatar-1.0.4.jar;C:\Users\Administrator\.m2\repository\org\webjars\bowergithub\polymerelements\iron-a11y-announcer\2.1.0\iron-a11y-announcer-2.1.0.jar;C:\Users\Administrator\.m2\repository\org\webjars\bowergithub\polymerelements\iron-resizable-behavior\2.1.1\iron-resizable-behavior-2.1.1.jar;C:\Users\Administrator\.m2\repository\org\webjars\bowergithub\vaadin\vaadin-list-box\1.4.0\vaadin-list-box-1.4.0.jar;C:\Users\Administrator\.m2\repository\org\webjars\bowergithub\vaadin\vaadin-list-mixin\2.5.1\vaadin-list-mixin-2.5.1.jar;C:\Users\Administrator\.m2\repository\org\webjars\bowergithub\vaadin\vaadin-item\2.3.0\vaadin-item-2.3.0.jar;C:\Users\Administrator\.m2\repository\org\webjars\bowergithub\vaadin\vaadin-overlay\3.5.1\vaadin-overlay-3.5.1.jar;C:\Users\Administrator\.m2\repository\org\webjars\bowergithub\vaadin\vaadin-control-state-mixin\2.2.4\vaadin-control-state-mixin-2.2.4.jar;C:\Users\Administrator\.m2\repository\com\vaadin\vaadin-button-flow\14.8.0\vaadin-button-flow-14.8.0.jar;C:\Users\Administrator\.m2\repository\org\webjars\bowergithub\vaadin\vaadin-button\2.4.0\vaadin-button-2.4.0.jar;C:\Users\Administrator\.m2\repository\com\vaadin\vaadin-checkbox-flow\14.8.0\vaadin-checkbox-flow-14.8.0.jar;C:\Users\Administrator\.m2\repository\org\webjars\bowergithub\vaadin\vaadin-checkbox\2.5.1\vaadin-checkbox-2.5.1.jar;C:\Users\Administrator\.m2\repository\com\vaadin\vaadin-combo-box-flow\14.8.0\vaadin-combo-box-flow-14.8.0.jar;C:\Users\Administrator\.m2\repository\org\webjars\bowergithub\vaadin\vaadin-combo-box\5.4.10\vaadin-combo-box-5.4.10.jar;C:\Users\Administrator\.m2\repository\org\webjars\bowergithub\vaadin\vaadin-text-field\2.9.0\vaadin-text-field-2.9.0.jar;C:\Users\Administrator\.m2\repository\org\webjars\bowergithub\polymerelements\iron-list\2.0.20\iron-list-2.0.20.jar;C:\Users\Administrator\.m2\repository\org\webjars\bowergithub\polymerelements\iron-scroll-target-behavior\2.1.1\iron-scroll-target-behavior-2.1.1.jar;C:\Users\Administrator\.m2\repository\org\webjars\bowergithub\polymerelements\iron-a11y-keys-behavior\2.1.1\iron-a11y-keys-behavior-2.1.1.jar;C:\Users\Administrator\.m2\repository\org\webjars\bowergithub\polymerelements\iron-overlay-behavior\2.3.4\iron-overlay-behavior-2.3.4.jar;C:\Users\Administrator\.m2\repository\org\webjars\bowergithub\polymerelements\iron-fit-behavior\2.2.1\iron-fit-behavior-2.2.1.jar;C:\Users\Administrator\.m2\repository\com\vaadin\vaadin-custom-field-flow\14.8.0\vaadin-custom-field-flow-14.8.0.jar;C:\Users\Administrator\.m2\repository\org\webjars\bowergithub\vaadin\vaadin-custom-field\1.3.1\vaadin-custom-field-1.3.1.jar;C:\Users\Administrator\.m2\repository\com\vaadin\vaadin-date-picker-flow\14.8.0\vaadin-date-picker-flow-14.8.0.jar;C:\Users\Administrator\.m2\repository\org\webjars\bowergithub\vaadin\vaadin-date-picker\4.4.1\vaadin-date-picker-4.4.1.jar;C:\Users\Administrator\.m2\repository\org\webjars\bowergithub\polymerelements\iron-media-query\2.1.0\iron-media-query-2.1.0.jar;C:\Users\Administrator\.m2\repository\com\vaadin\vaadin-date-time-picker-flow\14.8.0\vaadin-date-time-picker-flow-14.8.0.jar;C:\Users\Administrator\.m2\repository\org\webjars\bowergithub\vaadin\vaadin-date-time-picker\1.4.0\vaadin-date-time-picker-1.4.0.jar;C:\Users\Administrator\.m2\repository\org\webjars\bowergithub\vaadin\vaadin-time-picker\2.4.0\vaadin-time-picker-2.4.0.jar;C:\Users\Administrator\.m2\repository\com\vaadin\vaadin-details-flow\14.8.0\vaadin-details-flow-14.8.0.jar;C:\Users\Administrator\.m2\repository\org\webjars\bowergithub\vaadin\vaadin-details\1.2.0\vaadin-details-1.2.0.jar;C:\Users\Administrator\.m2\repository\com\vaadin\vaadin-time-picker-flow\14.8.0\vaadin-time-picker-flow-14.8.0.jar;C:\Users\Administrator\.m2\repository\com\vaadin\vaadin-select-flow\14.8.0\vaadin-select-flow-14.8.0.jar;C:\Users\Administrator\.m2\repository\org\webjars\bowergithub\vaadin\vaadin-select\2.4.1\vaadin-select-2.4.1.jar;C:\Users\Administrator\.m2\repository\com\vaadin\vaadin-dialog-flow\14.8.0\vaadin-dialog-flow-14.8.0.jar;C:\Users\Administrator\.m2\repository\org\webjars\bowergithub\vaadin\vaadin-dialog\2.6.0\vaadin-dialog-2.6.0.jar;C:\Users\Administrator\.m2\repository\com\vaadin\vaadin-form-layout-flow\14.8.0\vaadin-form-layout-flow-14.8.0.jar;C:\Users\Administrator\.m2\repository\org\webjars\bowergithub\vaadin\vaadin-form-layout\2.3.0\vaadin-form-layout-2.3.0.jar;C:\Users\Administrator\.m2\repository\com\vaadin\vaadin-grid-flow\14.8.0\vaadin-grid-flow-14.8.0.jar;C:\Users\Administrator\.m2\repository\org\webjars\bowergithub\vaadin\vaadin-grid\5.9.0\vaadin-grid-5.9.0.jar;C:\Users\Administrator\.m2\repository\org\apache\commons\commons-lang3\3.12.0\commons-lang3-3.12.0.jar;C:\Users\Administrator\.m2\repository\com\vaadin\vaadin-icons-flow\14.8.0\vaadin-icons-flow-14.8.0.jar;C:\Users\Administrator\.m2\repository\org\webjars\bowergithub\vaadin\vaadin-icons\4.3.2\vaadin-icons-4.3.2.jar;C:\Users\Administrator\.m2\repository\com\vaadin\vaadin-iron-list-flow\14.8.0\vaadin-iron-list-flow-14.8.0.jar;C:\Users\Administrator\.m2\repository\com\vaadin\vaadin-list-box-flow\14.8.0\vaadin-list-box-flow-14.8.0.jar;C:\Users\Administrator\.m2\repository\com\vaadin\vaadin-login-flow\14.8.0\vaadin-login-flow-14.8.0.jar;C:\Users\Administrator\.m2\repository\org\webjars\bowergithub\vaadin\vaadin-login\1.2.0\vaadin-login-1.2.0.jar;C:\Users\Administrator\.m2\repository\com\vaadin\vaadin-messages-flow\14.8.0\vaadin-messages-flow-14.8.0.jar;C:\Users\Administrator\.m2\repository\com\fasterxml\jackson\core\jackson-databind\2.12.3\jackson-databind-2.12.3.jar;C:\Users\Administrator\.m2\repository\com\fasterxml\jackson\core\jackson-annotations\2.12.3\jackson-annotations-2.12.3.jar;C:\Users\Administrator\.m2\repository\com\fasterxml\jackson\core\jackson-core\2.12.3\jackson-core-2.12.3.jar;C:\Users\Administrator\.m2\repository\com\vaadin\vaadin-ordered-layout-flow\14.8.0\vaadin-ordered-layout-flow-14.8.0.jar;C:\Users\Administrator\.m2\repository\org\webjars\bowergithub\vaadin\vaadin-ordered-layout\1.4.0\vaadin-ordered-layout-1.4.0.jar;C:\Users\Administrator\.m2\repository\com\vaadin\vaadin-progress-bar-flow\14.8.0\vaadin-progress-bar-flow-14.8.0.jar;C:\Users\Administrator\.m2\repository\org\webjars\bowergithub\vaadin\vaadin-progress-bar\1.3.0\vaadin-progress-bar-1.3.0.jar;C:\Users\Administrator\.m2\repository\com\vaadin\vaadin-radio-button-flow\14.8.0\vaadin-radio-button-flow-14.8.0.jar;C:\Users\Administrator\.m2\repository\org\webjars\bowergithub\vaadin\vaadin-radio-button\1.5.4\vaadin-radio-button-1.5.4.jar;C:\Users\Administrator\.m2\repository\com\vaadin\vaadin-split-layout-flow\14.8.0\vaadin-split-layout-flow-14.8.0.jar;C:\Users\Administrator\.m2\repository\org\webjars\bowergithub\vaadin\vaadin-split-layout\4.3.0\vaadin-split-layout-4.3.0.jar;C:\Users\Administrator\.m2\repository\com\vaadin\vaadin-tabs-flow\14.8.0\vaadin-tabs-flow-14.8.0.jar;C:\Users\Administrator\.m2\repository\org\webjars\bowergithub\vaadin\vaadin-tabs\3.2.0\vaadin-tabs-3.2.0.jar;C:\Users\Administrator\.m2\repository\com\vaadin\vaadin-text-field-flow\14.8.0\vaadin-text-field-flow-14.8.0.jar;C:\Users\Administrator\.m2\repository\com\vaadin\vaadin-upload-flow\14.8.0\vaadin-upload-flow-14.8.0.jar;C:\Users\Administrator\.m2\repository\org\webjars\bowergithub\vaadin\vaadin-upload\4.4.3\vaadin-upload-4.4.3.jar;C:\Users\Administrator\.m2\repository\com\vaadin\vaadin-notification-flow\14.8.0\vaadin-notification-flow-14.8.0.jar;C:\Users\Administrator\.m2\repository\org\webjars\bowergithub\vaadin\vaadin-notification\1.6.1\vaadin-notification-1.6.1.jar;C:\Users\Administrator\.m2\repository\com\vaadin\vaadin-app-layout-flow\14.8.0\vaadin-app-layout-flow-14.8.0.jar;C:\Users\Administrator\.m2\repository\org\webjars\bowergithub\vaadin\vaadin-app-layout\2.2.0\vaadin-app-layout-2.2.0.jar;C:\Users\Administrator\.m2\repository\com\vaadin\vaadin-context-menu-flow\14.8.0\vaadin-context-menu-flow-14.8.0.jar;C:\Users\Administrator\.m2\repository\org\webjars\bowergithub\vaadin\vaadin-context-menu\4.6.0\vaadin-context-menu-4.6.0.jar;C:\Users\Administrator\.m2\repository\com\vaadin\vaadin-menu-bar-flow\14.8.0\vaadin-menu-bar-flow-14.8.0.jar;C:\Users\Administrator\.m2\repository\org\webjars\bowergithub\vaadin\vaadin-menu-bar\1.3.0\vaadin-menu-bar-1.3.0.jar;C:\Users\Administrator\.m2\repository\org\springframework\boot\spring-boot-starter-web\2.5.2\spring-boot-starter-web-2.5.2.jar;C:\Users\Administrator\.m2\repository\org\springframework\boot\spring-boot-starter-json\2.5.2\spring-boot-starter-json-2.5.2.jar;C:\Users\Administrator\.m2\repository\com\fasterxml\jackson\datatype\jackson-datatype-jdk8\2.12.3\jackson-datatype-jdk8-2.12.3.jar;C:\Users\Administrator\.m2\repository\com\fasterxml\jackson\datatype\jackson-datatype-jsr310\2.12.3\jackson-datatype-jsr310-2.12.3.jar;C:\Users\Administrator\.m2\repository\com\fasterxml\jackson\module\jackson-module-parameter-names\2.12.3\jackson-module-parameter-names-2.12.3.jar;C:\Users\Administrator\.m2\repository\org\springframework\boot\spring-boot-starter-tomcat\2.5.2\spring-boot-starter-tomcat-2.5.2.jar;C:\Users\Administrator\.m2\repository\org\apache\tomcat\embed\tomcat-embed-core\9.0.48\tomcat-embed-core-9.0.48.jar;C:\Users\Administrator\.m2\repository\org\apache\tomcat\embed\tomcat-embed-el\9.0.48\tomcat-embed-el-9.0.48.jar;C:\Users\Administrator\.m2\repository\org\apache\tomcat\embed\tomcat-embed-websocket\9.0.48\tomcat-embed-websocket-9.0.48.jar;C:\Users\Administrator\.m2\repository\org\springframework\spring-web\5.3.8\spring-web-5.3.8.jar;C:\Users\Administrator\.m2\repository\org\springframework\boot\spring-boot-starter-test\2.5.2\spring-boot-starter-test-2.5.2.jar;C:\Users\Administrator\.m2\repository\org\springframework\boot\spring-boot-starter\2.5.2\spring-boot-starter-2.5.2.jar;C:\Users\Administrator\.m2\repository\org\springframework\boot\spring-boot\2.5.2\spring-boot-2.5.2.jar;C:\Users\Administrator\.m2\repository\org\springframework\boot\spring-boot-autoconfigure\2.5.2\spring-boot-autoconfigure-2.5.2.jar;C:\Users\Administrator\.m2\repository\org\springframework\boot\spring-boot-starter-logging\2.5.2\spring-boot-starter-logging-2.5.2.jar;C:\Users\Administrator\.m2\repository\ch\qos\logback\logback-classic\1.2.3\logback-classic-1.2.3.jar;C:\Users\Administrator\.m2\repository\ch\qos\logback\logback-core\1.2.3\logback-core-1.2.3.jar;C:\Users\Administrator\.m2\repository\org\apache\logging\log4j\log4j-to-slf4j\2.14.1\log4j-to-slf4j-2.14.1.jar;C:\Users\Administrator\.m2\repository\org\apache\logging\log4j\log4j-api\2.14.1\log4j-api-2.14.1.jar;C:\Users\Administrator\.m2\repository\org\slf4j\jul-to-slf4j\1.7.31\jul-to-slf4j-1.7.31.jar;C:\Users\Administrator\.m2\repository\jakarta\annotation\jakarta.annotation-api\1.3.5\jakarta.annotation-api-1.3.5.jar;C:\Users\Administrator\.m2\repository\org\yaml\snakeyaml\1.28\snakeyaml-1.28.jar;C:\Users\Administrator\.m2\repository\org\springframework\boot\spring-boot-test\2.5.2\spring-boot-test-2.5.2.jar;C:\Users\Administrator\.m2\repository\org\springframework\boot\spring-boot-test-autoconfigure\2.5.2\spring-boot-test-autoconfigure-2.5.2.jar;C:\Users\Administrator\.m2\repository\com\jayway\jsonpath\json-path\2.5.0\json-path-2.5.0.jar;C:\Users\Administrator\.m2\repository\net\minidev\json-smart\2.4.7\json-smart-2.4.7.jar;C:\Users\Administrator\.m2\repository\net\minidev\accessors-smart\2.4.7\accessors-smart-2.4.7.jar;C:\Users\Administrator\.m2\repository\org\ow2\asm\asm\9.1\asm-9.1.jar;C:\Users\Administrator\.m2\repository\jakarta\xml\bind\jakarta.xml.bind-api\2.3.3\jakarta.xml.bind-api-2.3.3.jar;C:\Users\Administrator\.m2\repository\jakarta\activation\jakarta.activation-api\1.2.2\jakarta.activation-api-1.2.2.jar;C:\Users\Administrator\.m2\repository\org\assertj\assertj-core\3.19.0\assertj-core-3.19.0.jar;C:\Users\Administrator\.m2\repository\org\hamcrest\hamcrest\2.2\hamcrest-2.2.jar;C:\Users\Administrator\.m2\repository\org\junit\jupiter\junit-jupiter\5.7.2\junit-jupiter-5.7.2.jar;C:\Users\Administrator\.m2\repository\org\junit\jupiter\junit-jupiter-api\5.7.2\junit-jupiter-api-5.7.2.jar;C:\Users\Administrator\.m2\repository\org\apiguardian\apiguardian-api\1.1.0\apiguardian-api-1.1.0.jar;C:\Users\Administrator\.m2\repository\org\opentest4j\opentest4j\1.2.0\opentest4j-1.2.0.jar;C:\Users\Administrator\.m2\repository\org\junit\platform\junit-platform-commons\1.7.2\junit-platform-commons-1.7.2.jar;C:\Users\Administrator\.m2\repository\org\junit\jupiter\junit-jupiter-params\5.7.2\junit-jupiter-params-5.7.2.jar;C:\Users\Administrator\.m2\repository\org\junit\jupiter\junit-jupiter-engine\5.7.2\junit-jupiter-engine-5.7.2.jar;C:\Users\Administrator\.m2\repository\org\junit\platform\junit-platform-engine\1.7.2\junit-platform-engine-1.7.2.jar;C:\Users\Administrator\.m2\repository\org\mockito\mockito-core\3.9.0\mockito-core-3.9.0.jar;C:\Users\Administrator\.m2\repository\net\bytebuddy\byte-buddy-agent\1.10.22\byte-buddy-agent-1.10.22.jar;C:\Users\Administrator\.m2\repository\org\objenesis\objenesis\3.2\objenesis-3.2.jar;C:\Users\Administrator\.m2\repository\org\mockito\mockito-junit-jupiter\3.9.0\mockito-junit-jupiter-3.9.0.jar;C:\Users\Administrator\.m2\repository\org\skyscreamer\jsonassert\1.5.0\jsonassert-1.5.0.jar;C:\Users\Administrator\.m2\repository\com\vaadin\external\google\android-json\0.0.20131108.vaadin1\android-json-0.0.20131108.vaadin1.jar;C:\Users\Administrator\.m2\repository\org\springframework\spring-core\5.3.8\spring-core-5.3.8.jar;C:\Users\Administrator\.m2\repository\org\springframework\spring-jcl\5.3.8\spring-jcl-5.3.8.jar;C:\Users\Administrator\.m2\repository\org\springframework\spring-test\5.3.8\spring-test-5.3.8.jar;C:\Users\Administrator\.m2\repository\org\xmlunit\xmlunit-core\2.8.2\xmlunit-core-2.8.2.jar;"/>
    <property name="java.vm.vendor" value="Oracle Corporation"/>
    <property name="sun.arch.data.model" value="64"/>
    <property name="user.variant" value=""/>
    <property name="java.vendor.url" value="https://openjdk.java.net/"/>
    <property name="user.timezone" value="Asia/Colombo"/>
    <property name="java.vm.specification.version" value="11"/>
    <property name="os.name" value="Windows 10"/>
    <property name="sun.java.launcher" value="SUN_STANDARD"/>
    <property name="user.country" value="US"/>
    <property name="sun.boot.library.path" value="C:\Program Files\Java\jdk-11.0.12\bin"/>
    <property name="sun.java.command" value="C:\Users\ADMINI~1\AppData\Local\Temp\surefire17753144833300615091\surefirebooter3262108260350888855.jar C:\Users\Administrator\AppData\Local\Temp\surefire17753144833300615091 2022-01-15T21-39-29_147-jvmRun1 surefire2173283715157658040tmp surefire_014339901713816278127tmp"/>
    <property name="jdk.debug" value="release"/>
    <property name="surefire.test.class.path" value="D:\MSC\IIT\CMM707 -Sri Lanka Cloud Computing\cloud-cw-coinbase\target\test-classes;D:\MSC\IIT\CMM707 -Sri Lanka Cloud Computing\cloud-cw-coinbase\target\classes;C:\Users\Administrator\.m2\repository\org\springframework\boot\spring-boot-starter-data-jpa\2.5.2\spring-boot-starter-data-jpa-2.5.2.jar;C:\Users\Administrator\.m2\repository\org\springframework\boot\spring-boot-starter-aop\2.5.2\spring-boot-starter-aop-2.5.2.jar;C:\Users\Administrator\.m2\repository\org\springframework\spring-aop\5.3.8\spring-aop-5.3.8.jar;C:\Users\Administrator\.m2\repository\org\aspectj\aspectjweaver\1.9.6\aspectjweaver-1.9.6.jar;C:\Users\Administrator\.m2\repository\org\springframework\boot\spring-boot-starter-jdbc\2.5.2\spring-boot-starter-jdbc-2.5.2.jar;C:\Users\Administrator\.m2\repository\com\zaxxer\HikariCP\4.0.3\HikariCP-4.0.3.jar;C:\Users\Administrator\.m2\repository\org\springframework\spring-jdbc\5.3.8\spring-jdbc-5.3.8.jar;C:\Users\Administrator\.m2\repository\jakarta\transaction\jakarta.transaction-api\1.3.3\jakarta.transaction-api-1.3.3.jar;C:\Users\Administrator\.m2\repository\jakarta\persistence\jakarta.persistence-api\2.2.3\jakarta.persistence-api-2.2.3.jar;C:\Users\Administrator\.m2\repository\org\hibernate\hibernate-core\5.4.32.Final\hibernate-core-5.4.32.Final.jar;C:\Users\Administrator\.m2\repository\org\jboss\logging\jboss-logging\3.4.2.Final\jboss-logging-3.4.2.Final.jar;C:\Users\Administrator\.m2\repository\org\javassist\javassist\3.27.0-GA\javassist-3.27.0-GA.jar;C:\Users\Administrator\.m2\repository\net\bytebuddy\byte-buddy\1.10.22\byte-buddy-1.10.22.jar;C:\Users\Administrator\.m2\repository\antlr\antlr\2.7.7\antlr-2.7.7.jar;C:\Users\Administrator\.m2\repository\org\jboss\jandex\2.2.3.Final\jandex-2.2.3.Final.jar;C:\Users\Administrator\.m2\repository\com\fasterxml\classmate\1.5.1\classmate-1.5.1.jar;C:\Users\Administrator\.m2\repository\org\dom4j\dom4j\2.1.3\dom4j-2.1.3.jar;C:\Users\Administrator\.m2\repository\org\hibernate\common\hibernate-commons-annotations\5.1.2.Final\hibernate-commons-annotations-5.1.2.Final.jar;C:\Users\Administrator\.m2\repository\org\glassfish\jaxb\jaxb-runtime\2.3.4\jaxb-runtime-2.3.4.jar;C:\Users\Administrator\.m2\repository\org\glassfish\jaxb\txw2\2.3.4\txw2-2.3.4.jar;C:\Users\Administrator\.m2\repository\com\sun\istack\istack-commons-runtime\3.0.12\istack-commons-runtime-3.0.12.jar;C:\Users\Administrator\.m2\repository\com\sun\activation\jakarta.activation\1.2.2\jakarta.activation-1.2.2.jar;C:\Users\Administrator\.m2\repository\org\springframework\data\spring-data-jpa\2.5.2\spring-data-jpa-2.5.2.jar;C:\Users\Administrator\.m2\repository\org\springframework\data\spring-data-commons\2.5.2\spring-data-commons-2.5.2.jar;C:\Users\Administrator\.m2\repository\org\springframework\spring-orm\5.3.8\spring-orm-5.3.8.jar;C:\Users\Administrator\.m2\repository\org\springframework\spring-context\5.3.8\spring-context-5.3.8.jar;C:\Users\Administrator\.m2\repository\org\springframework\spring-expression\5.3.8\spring-expression-5.3.8.jar;C:\Users\Administrator\.m2\repository\org\springframework\spring-tx\5.3.8\spring-tx-5.3.8.jar;C:\Users\Administrator\.m2\repository\org\springframework\spring-beans\5.3.8\spring-beans-5.3.8.jar;C:\Users\Administrator\.m2\repository\org\slf4j\slf4j-api\1.7.31\slf4j-api-1.7.31.jar;C:\Users\Administrator\.m2\repository\org\springframework\spring-aspects\5.3.8\spring-aspects-5.3.8.jar;C:\Users\Administrator\.m2\repository\com\h2database\h2\1.4.200\h2-1.4.200.jar;C:\Users\Administrator\.m2\repository\com\vaadin\vaadin-spring-boot-starter\14.8.0\vaadin-spring-boot-starter-14.8.0.jar;C:\Users\Administrator\.m2\repository\com\vaadin\vaadin-spring\12.4.2\vaadin-spring-12.4.2.jar;C:\Users\Administrator\.m2\repository\com\vaadin\flow-server\2.7.6\flow-server-2.7.6.jar;C:\Users\Administrator\.m2\repository\com\vaadin\external\gwt\gwt-elemental\2.8.2.vaadin2\gwt-elemental-2.8.2.vaadin2.jar;C:\Users\Administrator\.m2\repository\commons-fileupload\commons-fileupload\1.3.3\commons-fileupload-1.3.3.jar;C:\Users\Administrator\.m2\repository\commons-io\commons-io\2.11.0\commons-io-2.11.0.jar;C:\Users\Administrator\.m2\repository\org\jsoup\jsoup\1.14.3\jsoup-1.14.3.jar;C:\Users\Administrator\.m2\repository\com\helger\ph-css\6.1.1\ph-css-6.1.1.jar;C:\Users\Administrator\.m2\repository\com\helger\ph-commons\9.1.2\ph-commons-9.1.2.jar;C:\Users\Administrator\.m2\repository\com\vaadin\external\gentyref\1.2.0.vaadin1\gentyref-1.2.0.vaadin1.jar;C:\Users\Administrator\.m2\repository\org\apache\commons\commons-compress\1.21\commons-compress-1.21.jar;C:\Users\Administrator\.m2\repository\org\apache\httpcomponents\httpclient\4.5.13\httpclient-4.5.13.jar;C:\Users\Administrator\.m2\repository\org\apache\httpcomponents\httpcore\4.4.14\httpcore-4.4.14.jar;C:\Users\Administrator\.m2\repository\commons-codec\commons-codec\1.15\commons-codec-1.15.jar;C:\Users\Administrator\.m2\repository\com\vaadin\flow-push\2.7.6\flow-push-2.7.6.jar;C:\Users\Administrator\.m2\repository\com\vaadin\external\atmosphere\atmosphere-runtime\2.4.30.slf4jvaadin1\atmosphere-runtime-2.4.30.slf4jvaadin1.jar;C:\Users\Administrator\.m2\repository\com\vaadin\flow-client\2.7.6\flow-client-2.7.6.jar;C:\Users\Administrator\.m2\repository\org\springframework\spring-webmvc\5.3.8\spring-webmvc-5.3.8.jar;C:\Users\Administrator\.m2\repository\org\springframework\spring-websocket\5.3.8\spring-websocket-5.3.8.jar;C:\Users\Administrator\.m2\repository\com\vaadin\vaadin-core\14.8.0\vaadin-core-14.8.0.jar;C:\Users\Administrator\.m2\repository\com\vaadin\flow-lit-template\2.7.6\flow-lit-template-2.7.6.jar;C:\Users\Administrator\.m2\repository\com\vaadin\flow-html-components\2.7.6\flow-html-components-2.7.6.jar;C:\Users\Administrator\.m2\repository\com\vaadin\flow-data\2.7.6\flow-data-2.7.6.jar;C:\Users\Administrator\.m2\repository\javax\validation\validation-api\2.0.1.Final\validation-api-2.0.1.Final.jar;C:\Users\Administrator\.m2\repository\com\vaadin\flow-dnd\2.7.6\flow-dnd-2.7.6.jar;C:\Users\Administrator\.m2\repository\org\webjars\npm\vaadin__vaadin-mobile-drag-drop\1.0.0\vaadin__vaadin-mobile-drag-drop-1.0.0.jar;C:\Users\Administrator\.m2\repository\org\webjars\npm\mobile-drag-drop\2.3.0-rc.1\mobile-drag-drop-2.3.0-rc.1.jar;C:\Users\Administrator\.m2\repository\com\vaadin\vaadin-lumo-theme\2.7.6\vaadin-lumo-theme-2.7.6.jar;C:\Users\Administrator\.m2\repository\org\webjars\bowergithub\vaadin\vaadin-lumo-styles\1.6.1\vaadin-lumo-styles-1.6.1.jar;C:\Users\Administrator\.m2\repository\org\webjars\bowergithub\polymerelements\iron-icon\2.1.0\iron-icon-2.1.0.jar;C:\Users\Administrator\.m2\repository\org\webjars\bowergithub\polymerelements\iron-meta\2.1.1\iron-meta-2.1.1.jar;C:\Users\Administrator\.m2\repository\org\webjars\bowergithub\polymerelements\iron-iconset-svg\2.2.1\iron-iconset-svg-2.2.1.jar;C:\Users\Administrator\.m2\repository\org\webjars\bowergithub\polymerelements\iron-flex-layout\2.0.3\iron-flex-layout-2.0.3.jar;C:\Users\Administrator\.m2\repository\org\webjars\bowergithub\polymer\polymer\2.7.0\polymer-2.7.0.jar;C:\Users\Administrator\.m2\repository\org\webjars\bowergithub\webcomponents\shadycss\1.8.0\shadycss-1.8.0.jar;C:\Users\Administrator\.m2\repository\com\vaadin\vaadin-material-theme\2.7.6\vaadin-material-theme-2.7.6.jar;C:\Users\Administrator\.m2\repository\org\webjars\bowergithub\vaadin\vaadin-material-styles\1.3.2\vaadin-material-styles-1.3.2.jar;C:\Users\Administrator\.m2\repository\com\vaadin\vaadin-accordion-flow\14.8.0\vaadin-accordion-flow-14.8.0.jar;C:\Users\Administrator\.m2\repository\org\webjars\bowergithub\vaadin\vaadin-accordion\1.2.0\vaadin-accordion-1.2.0.jar;C:\Users\Administrator\.m2\repository\org\webjars\bowergithub\vaadin\vaadin-themable-mixin\1.6.2\vaadin-themable-mixin-1.6.2.jar;C:\Users\Administrator\.m2\repository\org\webjars\bowergithub\webcomponents\webcomponentsjs\1.2.6\webcomponentsjs-1.2.6.jar;C:\Users\Administrator\.m2\repository\org\webjars\bowergithub\vaadin\vaadin-element-mixin\2.4.2\vaadin-element-mixin-2.4.2.jar;C:\Users\Administrator\.m2\repository\org\webjars\bowergithub\vaadin\vaadin-usage-statistics\2.1.0\vaadin-usage-statistics-2.1.0.jar;C:\Users\Administrator\.m2\repository\org\webjars\bowergithub\vaadin\vaadin-development-mode-detector\2.0.4\vaadin-development-mode-detector-2.0.4.jar;C:\Users\Administrator\.m2\repository\com\vaadin\vaadin-avatar-flow\14.8.0\vaadin-avatar-flow-14.8.0.jar;C:\Users\Administrator\.m2\repository\org\webjars\bowergithub\vaadin\vaadin-avatar\1.0.4\vaadin-avatar-1.0.4.jar;C:\Users\Administrator\.m2\repository\org\webjars\bowergithub\polymerelements\iron-a11y-announcer\2.1.0\iron-a11y-announcer-2.1.0.jar;C:\Users\Administrator\.m2\repository\org\webjars\bowergithub\polymerelements\iron-resizable-behavior\2.1.1\iron-resizable-behavior-2.1.1.jar;C:\Users\Administrator\.m2\repository\org\webjars\bowergithub\vaadin\vaadin-list-box\1.4.0\vaadin-list-box-1.4.0.jar;C:\Users\Administrator\.m2\repository\org\webjars\bowergithub\vaadin\vaadin-list-mixin\2.5.1\vaadin-list-mixin-2.5.1.jar;C:\Users\Administrator\.m2\repository\org\webjars\bowergithub\vaadin\vaadin-item\2.3.0\vaadin-item-2.3.0.jar;C:\Users\Administrator\.m2\repository\org\webjars\bowergithub\vaadin\vaadin-overlay\3.5.1\vaadin-overlay-3.5.1.jar;C:\Users\Administrator\.m2\repository\org\webjars\bowergithub\vaadin\vaadin-control-state-mixin\2.2.4\vaadin-control-state-mixin-2.2.4.jar;C:\Users\Administrator\.m2\repository\com\vaadin\vaadin-button-flow\14.8.0\vaadin-button-flow-14.8.0.jar;C:\Users\Administrator\.m2\repository\org\webjars\bowergithub\vaadin\vaadin-button\2.4.0\vaadin-button-2.4.0.jar;C:\Users\Administrator\.m2\repository\com\vaadin\vaadin-checkbox-flow\14.8.0\vaadin-checkbox-flow-14.8.0.jar;C:\Users\Administrator\.m2\repository\org\webjars\bowergithub\vaadin\vaadin-checkbox\2.5.1\vaadin-checkbox-2.5.1.jar;C:\Users\Administrator\.m2\repository\com\vaadin\vaadin-combo-box-flow\14.8.0\vaadin-combo-box-flow-14.8.0.jar;C:\Users\Administrator\.m2\repository\org\webjars\bowergithub\vaadin\vaadin-combo-box\5.4.10\vaadin-combo-box-5.4.10.jar;C:\Users\Administrator\.m2\repository\org\webjars\bowergithub\vaadin\vaadin-text-field\2.9.0\vaadin-text-field-2.9.0.jar;C:\Users\Administrator\.m2\repository\org\webjars\bowergithub\polymerelements\iron-list\2.0.20\iron-list-2.0.20.jar;C:\Users\Administrator\.m2\repository\org\webjars\bowergithub\polymerelements\iron-scroll-target-behavior\2.1.1\iron-scroll-target-behavior-2.1.1.jar;C:\Users\Administrator\.m2\repository\org\webjars\bowergithub\polymerelements\iron-a11y-keys-behavior\2.1.1\iron-a11y-keys-behavior-2.1.1.jar;C:\Users\Administrator\.m2\repository\org\webjars\bowergithub\polymerelements\iron-overlay-behavior\2.3.4\iron-overlay-behavior-2.3.4.jar;C:\Users\Administrator\.m2\repository\org\webjars\bowergithub\polymerelements\iron-fit-behavior\2.2.1\iron-fit-behavior-2.2.1.jar;C:\Users\Administrator\.m2\repository\com\vaadin\vaadin-custom-field-flow\14.8.0\vaadin-custom-field-flow-14.8.0.jar;C:\Users\Administrator\.m2\repository\org\webjars\bowergithub\vaadin\vaadin-custom-field\1.3.1\vaadin-custom-field-1.3.1.jar;C:\Users\Administrator\.m2\repository\com\vaadin\vaadin-date-picker-flow\14.8.0\vaadin-date-picker-flow-14.8.0.jar;C:\Users\Administrator\.m2\repository\org\webjars\bowergithub\vaadin\vaadin-date-picker\4.4.1\vaadin-date-picker-4.4.1.jar;C:\Users\Administrator\.m2\repository\org\webjars\bowergithub\polymerelements\iron-media-query\2.1.0\iron-media-query-2.1.0.jar;C:\Users\Administrator\.m2\repository\com\vaadin\vaadin-date-time-picker-flow\14.8.0\vaadin-date-time-picker-flow-14.8.0.jar;C:\Users\Administrator\.m2\repository\org\webjars\bowergithub\vaadin\vaadin-date-time-picker\1.4.0\vaadin-date-time-picker-1.4.0.jar;C:\Users\Administrator\.m2\repository\org\webjars\bowergithub\vaadin\vaadin-time-picker\2.4.0\vaadin-time-picker-2.4.0.jar;C:\Users\Administrator\.m2\repository\com\vaadin\vaadin-details-flow\14.8.0\vaadin-details-flow-14.8.0.jar;C:\Users\Administrator\.m2\repository\org\webjars\bowergithub\vaadin\vaadin-details\1.2.0\vaadin-details-1.2.0.jar;C:\Users\Administrator\.m2\repository\com\vaadin\vaadin-time-picker-flow\14.8.0\vaadin-time-picker-flow-14.8.0.jar;C:\Users\Administrator\.m2\repository\com\vaadin\vaadin-select-flow\14.8.0\vaadin-select-flow-14.8.0.jar;C:\Users\Administrator\.m2\repository\org\webjars\bowergithub\vaadin\vaadin-select\2.4.1\vaadin-select-2.4.1.jar;C:\Users\Administrator\.m2\repository\com\vaadin\vaadin-dialog-flow\14.8.0\vaadin-dialog-flow-14.8.0.jar;C:\Users\Administrator\.m2\repository\org\webjars\bowergithub\vaadin\vaadin-dialog\2.6.0\vaadin-dialog-2.6.0.jar;C:\Users\Administrator\.m2\repository\com\vaadin\vaadin-form-layout-flow\14.8.0\vaadin-form-layout-flow-14.8.0.jar;C:\Users\Administrator\.m2\repository\org\webjars\bowergithub\vaadin\vaadin-form-layout\2.3.0\vaadin-form-layout-2.3.0.jar;C:\Users\Administrator\.m2\repository\com\vaadin\vaadin-grid-flow\14.8.0\vaadin-grid-flow-14.8.0.jar;C:\Users\Administrator\.m2\repository\org\webjars\bowergithub\vaadin\vaadin-grid\5.9.0\vaadin-grid-5.9.0.jar;C:\Users\Administrator\.m2\repository\org\apache\commons\commons-lang3\3.12.0\commons-lang3-3.12.0.jar;C:\Users\Administrator\.m2\repository\com\vaadin\vaadin-icons-flow\14.8.0\vaadin-icons-flow-14.8.0.jar;C:\Users\Administrator\.m2\repository\org\webjars\bowergithub\vaadin\vaadin-icons\4.3.2\vaadin-icons-4.3.2.jar;C:\Users\Administrator\.m2\repository\com\vaadin\vaadin-iron-list-flow\14.8.0\vaadin-iron-list-flow-14.8.0.jar;C:\Users\Administrator\.m2\repository\com\vaadin\vaadin-list-box-flow\14.8.0\vaadin-list-box-flow-14.8.0.jar;C:\Users\Administrator\.m2\repository\com\vaadin\vaadin-login-flow\14.8.0\vaadin-login-flow-14.8.0.jar;C:\Users\Administrator\.m2\repository\org\webjars\bowergithub\vaadin\vaadin-login\1.2.0\vaadin-login-1.2.0.jar;C:\Users\Administrator\.m2\repository\com\vaadin\vaadin-messages-flow\14.8.0\vaadin-messages-flow-14.8.0.jar;C:\Users\Administrator\.m2\repository\com\fasterxml\jackson\core\jackson-databind\2.12.3\jackson-databind-2.12.3.jar;C:\Users\Administrator\.m2\repository\com\fasterxml\jackson\core\jackson-annotations\2.12.3\jackson-annotations-2.12.3.jar;C:\Users\Administrator\.m2\repository\com\fasterxml\jackson\core\jackson-core\2.12.3\jackson-core-2.12.3.jar;C:\Users\Administrator\.m2\repository\com\vaadin\vaadin-ordered-layout-flow\14.8.0\vaadin-ordered-layout-flow-14.8.0.jar;C:\Users\Administrator\.m2\repository\org\webjars\bowergithub\vaadin\vaadin-ordered-layout\1.4.0\vaadin-ordered-layout-1.4.0.jar;C:\Users\Administrator\.m2\repository\com\vaadin\vaadin-progress-bar-flow\14.8.0\vaadin-progress-bar-flow-14.8.0.jar;C:\Users\Administrator\.m2\repository\org\webjars\bowergithub\vaadin\vaadin-progress-bar\1.3.0\vaadin-progress-bar-1.3.0.jar;C:\Users\Administrator\.m2\repository\com\vaadin\vaadin-radio-button-flow\14.8.0\vaadin-radio-button-flow-14.8.0.jar;C:\Users\Administrator\.m2\repository\org\webjars\bowergithub\vaadin\vaadin-radio-button\1.5.4\vaadin-radio-button-1.5.4.jar;C:\Users\Administrator\.m2\repository\com\vaadin\vaadin-split-layout-flow\14.8.0\vaadin-split-layout-flow-14.8.0.jar;C:\Users\Administrator\.m2\repository\org\webjars\bowergithub\vaadin\vaadin-split-layout\4.3.0\vaadin-split-layout-4.3.0.jar;C:\Users\Administrator\.m2\repository\com\vaadin\vaadin-tabs-flow\14.8.0\vaadin-tabs-flow-14.8.0.jar;C:\Users\Administrator\.m2\repository\org\webjars\bowergithub\vaadin\vaadin-tabs\3.2.0\vaadin-tabs-3.2.0.jar;C:\Users\Administrator\.m2\repository\com\vaadin\vaadin-text-field-flow\14.8.0\vaadin-text-field-flow-14.8.0.jar;C:\Users\Administrator\.m2\repository\com\vaadin\vaadin-upload-flow\14.8.0\vaadin-upload-flow-14.8.0.jar;C:\Users\Administrator\.m2\repository\org\webjars\bowergithub\vaadin\vaadin-upload\4.4.3\vaadin-upload-4.4.3.jar;C:\Users\Administrator\.m2\repository\com\vaadin\vaadin-notification-flow\14.8.0\vaadin-notification-flow-14.8.0.jar;C:\Users\Administrator\.m2\repository\org\webjars\bowergithub\vaadin\vaadin-notification\1.6.1\vaadin-notification-1.6.1.jar;C:\Users\Administrator\.m2\repository\com\vaadin\vaadin-app-layout-flow\14.8.0\vaadin-app-layout-flow-14.8.0.jar;C:\Users\Administrator\.m2\repository\org\webjars\bowergithub\vaadin\vaadin-app-layout\2.2.0\vaadin-app-layout-2.2.0.jar;C:\Users\Administrator\.m2\repository\com\vaadin\vaadin-context-menu-flow\14.8.0\vaadin-context-menu-flow-14.8.0.jar;C:\Users\Administrator\.m2\repository\org\webjars\bowergithub\vaadin\vaadin-context-menu\4.6.0\vaadin-context-menu-4.6.0.jar;C:\Users\Administrator\.m2\repository\com\vaadin\vaadin-menu-bar-flow\14.8.0\vaadin-menu-bar-flow-14.8.0.jar;C:\Users\Administrator\.m2\repository\org\webjars\bowergithub\vaadin\vaadin-menu-bar\1.3.0\vaadin-menu-bar-1.3.0.jar;C:\Users\Administrator\.m2\repository\org\springframework\boot\spring-boot-starter-web\2.5.2\spring-boot-starter-web-2.5.2.jar;C:\Users\Administrator\.m2\repository\org\springframework\boot\spring-boot-starter-json\2.5.2\spring-boot-starter-json-2.5.2.jar;C:\Users\Administrator\.m2\repository\com\fasterxml\jackson\datatype\jackson-datatype-jdk8\2.12.3\jackson-datatype-jdk8-2.12.3.jar;C:\Users\Administrator\.m2\repository\com\fasterxml\jackson\datatype\jackson-datatype-jsr310\2.12.3\jackson-datatype-jsr310-2.12.3.jar;C:\Users\Administrator\.m2\repository\com\fasterxml\jackson\module\jackson-module-parameter-names\2.12.3\jackson-module-parameter-names-2.12.3.jar;C:\Users\Administrator\.m2\repository\org\springframework\boot\spring-boot-starter-tomcat\2.5.2\spring-boot-starter-tomcat-2.5.2.jar;C:\Users\Administrator\.m2\repository\org\apache\tomcat\embed\tomcat-embed-core\9.0.48\tomcat-embed-core-9.0.48.jar;C:\Users\Administrator\.m2\repository\org\apache\tomcat\embed\tomcat-embed-el\9.0.48\tomcat-embed-el-9.0.48.jar;C:\Users\Administrator\.m2\repository\org\apache\tomcat\embed\tomcat-embed-websocket\9.0.48\tomcat-embed-websocket-9.0.48.jar;C:\Users\Administrator\.m2\repository\org\springframework\spring-web\5.3.8\spring-web-5.3.8.jar;C:\Users\Administrator\.m2\repository\org\springframework\boot\spring-boot-starter-test\2.5.2\spring-boot-starter-test-2.5.2.jar;C:\Users\Administrator\.m2\repository\org\springframework\boot\spring-boot-starter\2.5.2\spring-boot-starter-2.5.2.jar;C:\Users\Administrator\.m2\repository\org\springframework\boot\spring-boot\2.5.2\spring-boot-2.5.2.jar;C:\Users\Administrator\.m2\repository\org\springframework\boot\spring-boot-autoconfigure\2.5.2\spring-boot-autoconfigure-2.5.2.jar;C:\Users\Administrator\.m2\repository\org\springframework\boot\spring-boot-starter-logging\2.5.2\spring-boot-starter-logging-2.5.2.jar;C:\Users\Administrator\.m2\repository\ch\qos\logback\logback-classic\1.2.3\logback-classic-1.2.3.jar;C:\Users\Administrator\.m2\repository\ch\qos\logback\logback-core\1.2.3\logback-core-1.2.3.jar;C:\Users\Administrator\.m2\repository\org\apache\logging\log4j\log4j-to-slf4j\2.14.1\log4j-to-slf4j-2.14.1.jar;C:\Users\Administrator\.m2\repository\org\apache\logging\log4j\log4j-api\2.14.1\log4j-api-2.14.1.jar;C:\Users\Administrator\.m2\repository\org\slf4j\jul-to-slf4j\1.7.31\jul-to-slf4j-1.7.31.jar;C:\Users\Administrator\.m2\repository\jakarta\annotation\jakarta.annotation-api\1.3.5\jakarta.annotation-api-1.3.5.jar;C:\Users\Administrator\.m2\repository\org\yaml\snakeyaml\1.28\snakeyaml-1.28.jar;C:\Users\Administrator\.m2\repository\org\springframework\boot\spring-boot-test\2.5.2\spring-boot-test-2.5.2.jar;C:\Users\Administrator\.m2\repository\org\springframework\boot\spring-boot-test-autoconfigure\2.5.2\spring-boot-test-autoconfigure-2.5.2.jar;C:\Users\Administrator\.m2\repository\com\jayway\jsonpath\json-path\2.5.0\json-path-2.5.0.jar;C:\Users\Administrator\.m2\repository\net\minidev\json-smart\2.4.7\json-smart-2.4.7.jar;C:\Users\Administrator\.m2\repository\net\minidev\accessors-smart\2.4.7\accessors-smart-2.4.7.jar;C:\Users\Administrator\.m2\repository\org\ow2\asm\asm\9.1\asm-9.1.jar;C:\Users\Administrator\.m2\repository\jakarta\xml\bind\jakarta.xml.bind-api\2.3.3\jakarta.xml.bind-api-2.3.3.jar;C:\Users\Administrator\.m2\repository\jakarta\activation\jakarta.activation-api\1.2.2\jakarta.activation-api-1.2.2.jar;C:\Users\Administrator\.m2\repository\org\assertj\assertj-core\3.19.0\assertj-core-3.19.0.jar;C:\Users\Administrator\.m2\repository\org\hamcrest\hamcrest\2.2\hamcrest-2.2.jar;C:\Users\Administrator\.m2\repository\org\junit\jupiter\junit-jupiter\5.7.2\junit-jupiter-5.7.2.jar;C:\Users\Administrator\.m2\repository\org\junit\jupiter\junit-jupiter-api\5.7.2\junit-jupiter-api-5.7.2.jar;C:\Users\Administrator\.m2\repository\org\apiguardian\apiguardian-api\1.1.0\apiguardian-api-1.1.0.jar;C:\Users\Administrator\.m2\repository\org\opentest4j\opentest4j\1.2.0\opentest4j-1.2.0.jar;C:\Users\Administrator\.m2\repository\org\junit\platform\junit-platform-commons\1.7.2\junit-platform-commons-1.7.2.jar;C:\Users\Administrator\.m2\repository\org\junit\jupiter\junit-jupiter-params\5.7.2\junit-jupiter-params-5.7.2.jar;C:\Users\Administrator\.m2\repository\org\junit\jupiter\junit-jupiter-engine\5.7.2\junit-jupiter-engine-5.7.2.jar;C:\Users\Administrator\.m2\repository\org\junit\platform\junit-platform-engine\1.7.2\junit-platform-engine-1.7.2.jar;C:\Users\Administrator\.m2\repository\org\mockito\mockito-core\3.9.0\mockito-core-3.9.0.jar;C:\Users\Administrator\.m2\repository\net\bytebuddy\byte-buddy-agent\1.10.22\byte-buddy-agent-1.10.22.jar;C:\Users\Administrator\.m2\repository\org\objenesis\objenesis\3.2\objenesis-3.2.jar;C:\Users\Administrator\.m2\repository\org\mockito\mockito-junit-jupiter\3.9.0\mockito-junit-jupiter-3.9.0.jar;C:\Users\Administrator\.m2\repository\org\skyscreamer\jsonassert\1.5.0\jsonassert-1.5.0.jar;C:\Users\Administrator\.m2\repository\com\vaadin\external\google\android-json\0.0.20131108.vaadin1\android-json-0.0.20131108.vaadin1.jar;C:\Users\Administrator\.m2\repository\org\springframework\spring-core\5.3.8\spring-core-5.3.8.jar;C:\Users\Administrator\.m2\repository\org\springframework\spring-jcl\5.3.8\spring-jcl-5.3.8.jar;C:\Users\Administrator\.m2\repository\org\springframework\spring-test\5.3.8\spring-test-5.3.8.jar;C:\Users\Administrator\.m2\repository\org\xmlunit\xmlunit-core\2.8.2\xmlunit-core-2.8.2.jar;"/>
    <property name="sun.cpu.endian" value="little"/>
    <property name="user.home" value="C:\Users\Administrator"/>
    <property name="user.language" value="en"/>
    <property name="java.specification.vendor" value="Oracle Corporation"/>
    <property name="java.version.date" value="2021-07-20"/>
    <property name="java.home" value="C:\Program Files\Java\jdk-11.0.12"/>
    <property name="file.separator" value="\"/>
    <property name="basedir" value="D:\MSC\IIT\CMM707 -Sri Lanka Cloud Computing\cloud-cw-coinbase"/>
    <property name="java.vm.compressedOopsMode" value="Zero based"/>
    <property name="line.separator" value="&#10;"/>
    <property name="java.specification.name" value="Java Platform API Specification"/>
    <property name="java.vm.specification.vendor" value="Oracle Corporation"/>
    <property name="java.awt.graphicsenv" value="sun.awt.Win32GraphicsEnvironment"/>
    <property name="surefire.real.class.path" value="C:\Users\ADMINI~1\AppData\Local\Temp\surefire17753144833300615091\surefirebooter3262108260350888855.jar"/>
    <property name="user.script" value=""/>
    <property name="sun.management.compiler" value="HotSpot 64-Bit Tiered Compilers"/>
    <property name="java.runtime.version" value="11.0.12+8-LTS-237"/>
    <property name="user.name" value="admin"/>
    <property name="path.separator" value=";"/>
    <property name="os.version" value="10.0"/>
    <property name="java.runtime.name" value="Java(TM) SE Runtime Environment"/>
    <property name="file.encoding" value="Cp1252"/>
    <property name="java.vm.name" value="Java HotSpot(TM) 64-Bit Server VM"/>
    <property name="java.vendor.version" value="18.9"/>
    <property name="localRepository" value="C:\Users\Administrator\.m2\repository"/>
    <property name="java.vendor.url.bug" value="https://bugreport.java.com/bugreport/"/>
    <property name="java.io.tmpdir" value="C:\Users\ADMINI~1\AppData\Local\Temp\"/>
    <property name="java.version" value="11.0.12"/>
    <property name="user.dir" value="D:\MSC\IIT\CMM707 -Sri Lanka Cloud Computing\cloud-cw-coinbase"/>
    <property name="os.arch" value="amd64"/>
    <property name="java.vm.specification.name" value="Java Virtual Machine Specification"/>
    <property name="java.awt.printerjob" value="sun.awt.windows.WPrinterJob"/>
    <property name="sun.os.patch.level" value=""/>
    <property name="java.library.path" value="C:\Program Files\Java\jdk-11.0.12\bin;C:\Windows\Sun\Java\bin;C:\Windows\system32;C:\Windows;C:\ProgramData\Anaconda3;C:\ProgramData\Anaconda3\Library\mingw-w64\bin;C:\ProgramData\Anaconda3\Library\usr\bin;C:\ProgramData\Anaconda3\Library\bin;C:\ProgramData\Anaconda3\Scripts;C:\Windows\system32;C:\Windows;C:\Windows\System32\Wbem;C:\Windows\System32\WindowsPowerShell\v1.0\;C:\Windows\System32\OpenSSH\;C:\Program Files (x86)\IBM\Client Access\Emulator;C:\Program Files (x86)\IBM\Client Access\Shared;C:\Program Files\Java\jdk-11.0.12\bin;C:\Program Files (x86)\IBM\Client Access\;C:\Program Files\Git\cmd;C:\Program Files (x86)\Google\Cloud SDK\google-cloud-sdk\bin;C:\Program Files\Microsoft VS Code\bin;C:\terraform;C:\Program Files\Microsoft SQL Server\Client SDK\ODBC\170\Tools\Binn\;C:\Program Files (x86)\Microsoft SQL Server\150\Tools\Binn\;C:\Program Files\Microsoft SQL Server\150\Tools\Binn\;C:\Program Files\Microsoft SQL Server\150\DTS\Binn\;C:\Program Files (x86)\Microsoft SQL Server\150\DTS\Binn\;C:\Program Files\Azure Data Studio\bin;C:\Program Files\Microsoft SQL Server\130\Tools\Binn\;C:\Program Files\dotnet\;C:\Program Files (x86)\Microsoft SQL Server\110\DTS\Binn\;C:\Program Files (x86)\Microsoft SQL Server\120\DTS\Binn\;C:\Program Files (x86)\Microsoft SQL Server\130\DTS\Binn\;C:\Program Files (x86)\Microsoft SQL Server\140\DTS\Binn\;C:\apache-maven-3.8.4\bin;;C:\Program Files\Docker\Docker\resources\bin;C:\ProgramData\DockerDesktop\version-bin;C:\Program Files\MySQL\MySQL Shell 8.0\bin\;C:\Users\Administrator\AppData\Local\Microsoft\WindowsApps;;C:\Program Files\Azure Data Studio\bin;C:\Users\Administrator\.dotnet\tools;."/>
    <property name="java.vendor" value="Oracle Corporation"/>
    <property name="java.vm.info" value="mixed mode"/>
    <property name="java.vm.version" value="11.0.12+8-LTS-237"/>
    <property name="sun.io.unicode.encoding" value="UnicodeLittle"/>
    <property name="java.class.version" value="55.0"/>
  </properties>
  <testcase name="shouldInitializeWithInvisibleEditor" classname="com.example.crudwithvaadin.MainViewTests" time="0.191"/>
  <testcase name="shouldFillOutTheGridWithNewData" classname="com.example.crudwithvaadin.MainViewTests" time="0.051"/>
  <testcase name="shouldInitializeTheGridWithCustomerRepositoryData" classname="com.example.crudwithvaadin.MainViewTests" time="0.021"/>
  <testcase name="shouldMakeEditorVisible" classname="com.example.crudwithvaadin.MainViewTests" time="0.023"/>
  <testcase name="shouldFilterOutTheGridWithTheProvidedLastName" classname="com.example.crudwithvaadin.MainViewTests" time="0.026"/>
</testsuite>